2025-04-28 20:13:23.560 [main] INFO  c.m.b.BulkEmailCheckerApplication - Starting BulkEmailCheckerApplication using Java 22.0.1 with PID 43728 (C:\Users\zahar\Documents\IdeaProjects\BulkEmailChecker\target\classes started by zahar in C:\Users\zahar\Documents\IdeaProjects\BulkEmailChecker)
2025-04-28 20:13:23.564 [main] INFO  c.m.b.BulkEmailCheckerApplication - No active profile set, falling back to 1 default profile: "default"
2025-04-28 20:13:24.564 [main] INFO  o.s.b.w.e.tomcat.TomcatWebServer - Tomcat initialized with port 8085 (http)
2025-04-28 20:13:24.576 [main] INFO  o.a.catalina.core.StandardService - Starting service [Tomcat]
2025-04-28 20:13:24.577 [main] INFO  o.a.catalina.core.StandardEngine - Starting Servlet engine: [Apache Tomcat/10.1.39]
2025-04-28 20:13:24.619 [main] INFO  o.a.c.c.C.[Tomcat].[localhost].[/] - Initializing Spring embedded WebApplicationContext
2025-04-28 20:13:24.620 [main] INFO  o.s.b.w.s.c.ServletWebServerApplicationContext - Root WebApplicationContext: initialization completed in 1007 ms
2025-04-28 20:13:24.769 [main] INFO  c.m.b.config.WebSocketConfig - WebSocket message broker configured with topics: /topic, /queue
2025-04-28 20:13:24.870 [main] INFO  o.s.s.c.a.a.c.InitializeUserDetailsBeanManagerConfigurer$InitializeUserDetailsManagerConfigurer - Global AuthenticationManager configured with UserDetailsService bean with name inMemoryUserDetailsManager
2025-04-28 20:13:24.978 [main] INFO  c.m.b.config.WebSocketConfig - WebSocket transport configured with expanded limits
2025-04-28 20:13:24.986 [main] INFO  c.m.b.config.WebSocketConfig - WebSocket STOMP endpoint registered at /ws-emailverifier
2025-04-28 20:13:25.008 [main] INFO  c.m.b.config.SecurityConfig - Configuring security filter chain
2025-04-28 20:13:25.021 [main] INFO  c.m.b.config.ApiKeyAuthFilter - Initialized ApiKeyAuthFilter with valid API keys: [zahariZDEwNWRlYTUtZjMzMy00MzE4LWJlN2QtZTIxYzYzZTFlODAy, martinZDEwNWRlYTUtZjMzMy00MzE4LWJlN2QtZTIxYzYzZTFlODAy, yoanZDEwNWRlYTUtZjMzMy00MzE4LWJlN2QtZTIxYzYzZTFlODAy]
2025-04-28 20:13:25.265 [main] INFO  o.s.m.s.b.SimpleBrokerMessageHandler - Starting...
2025-04-28 20:13:25.267 [main] INFO  o.s.m.s.b.SimpleBrokerMessageHandler - BrokerAvailabilityEvent[available=true, SimpleBrokerMessageHandler [org.springframework.messaging.simp.broker.DefaultSubscriptionRegistry@7dd45c93]]
2025-04-28 20:13:25.268 [main] INFO  o.s.m.s.b.SimpleBrokerMessageHandler - Started.
2025-04-28 20:13:25.282 [main] INFO  o.s.b.w.e.tomcat.TomcatWebServer - Tomcat started on port 8085 (http) with context path '/'
2025-04-28 20:13:25.289 [main] INFO  c.m.b.BulkEmailCheckerApplication - Started BulkEmailCheckerApplication in 2.292 seconds (process running for 2.986)
2025-04-28 20:13:40.284 [http-nio-8085-exec-2] INFO  o.a.c.c.C.[Tomcat].[localhost].[/] - Initializing Spring DispatcherServlet 'dispatcherServlet'
2025-04-28 20:13:40.331 [http-nio-8085-exec-2] INFO  c.m.b.config.ApiKeyAuthFilter - Received request with API Key: zahariZDEwNWRlYTUtZjMzMy00MzE4LWJlN2QtZTIxYzYzZTFlODAy
2025-04-28 20:13:40.332 [http-nio-8085-exec-2] INFO  c.m.b.config.ApiKeyAuthFilter - Valid API Key found, creating authentication
2025-04-28 20:13:40.333 [http-nio-8085-exec-2] INFO  c.m.b.config.ApiKeyAuthentication - Created new ApiKeyAuthentication for key: zahariZDEwNWRlYTUtZjMzMy00MzE4LWJlN2QtZTIxYzYzZTFlODAy
2025-04-28 20:13:40.360 [http-nio-8085-exec-2] INFO  c.m.b.config.ApiKeyAuthFilter - Authentication set in SecurityContext, proceeding with filter chain
2025-04-28 20:13:40.365 [http-nio-8085-exec-2] INFO  c.m.b.config.ApiKeyAuthentication - Returning authorities: [ROLE_API]
2025-04-28 20:13:40.406 [ForkJoinPool.commonPool-worker-1] INFO  c.m.b.s.BulkEmailCheckerService - Starting email verification for: krastyu.krastev@osemdental.com
2025-04-28 20:13:40.407 [ForkJoinPool.commonPool-worker-1] DEBUG c.m.b.s.BulkEmailCheckerService - NeverBounce API key in verifyEmail: provided
2025-04-28 20:13:40.407 [ForkJoinPool.commonPool-worker-1] DEBUG c.m.b.s.BulkEmailCheckerService - Executing validation pipeline for email: krastyu.krastev@osemdental.com with NeverBounce API key present: true
2025-04-28 20:13:41.077 [ForkJoinPool.commonPool-worker-1] INFO  c.m.b.s.BulkEmailCheckerService - Catch-all domain detected for email krastyu.krastev@osemdental.com. Performing additional verification with NeverBounce.
2025-04-28 20:13:41.077 [ForkJoinPool.commonPool-worker-1] DEBUG c.m.b.s.BulkEmailCheckerService - NeverBounce API key before calling service: present
2025-04-28 20:13:41.078 [ForkJoinPool.commonPool-worker-1] DEBUG c.m.b.services.NeverBounceService - Verifying email krastyu.krastev@osemdental.com with NeverBounce API
2025-04-28 20:13:41.083 [ForkJoinPool.commonPool-worker-1] INFO  c.n.api.internal.HttpClientImpl - Initialized Neverbounce API HTTP client; version: 4.0.13.
2025-04-28 20:13:42.215 [ForkJoinPool.commonPool-worker-1] INFO  c.m.b.s.BulkEmailCheckerService - NeverBounce gave definitive result for catch-all domain email krastyu.krastev@osemdental.com: INVALID
2025-04-28 20:13:42.225 [http-nio-8085-exec-3] INFO  c.m.b.config.ApiKeyAuthentication - Returning authorities: [ROLE_API]
2025-04-28 20:14:06.193 [SpringApplicationShutdownHook] INFO  o.s.b.w.e.tomcat.GracefulShutdown - Commencing graceful shutdown. Waiting for active requests to complete
2025-04-28 20:14:06.208 [tomcat-shutdown] INFO  o.s.b.w.e.tomcat.GracefulShutdown - Graceful shutdown complete
2025-04-28 20:14:06.211 [SpringApplicationShutdownHook] INFO  o.s.m.s.b.SimpleBrokerMessageHandler - Stopping...
2025-04-28 20:14:06.212 [SpringApplicationShutdownHook] INFO  o.s.m.s.b.SimpleBrokerMessageHandler - BrokerAvailabilityEvent[available=false, SimpleBrokerMessageHandler [org.springframework.messaging.simp.broker.DefaultSubscriptionRegistry@7dd45c93]]
2025-04-28 20:14:06.212 [SpringApplicationShutdownHook] INFO  o.s.m.s.b.SimpleBrokerMessageHandler - Stopped.
2025-04-28 20:14:09.287 [main] INFO  c.m.b.BulkEmailCheckerApplication - Starting BulkEmailCheckerApplication using Java 22.0.1 with PID 37588 (C:\Users\zahar\Documents\IdeaProjects\BulkEmailChecker\target\classes started by zahar in C:\Users\zahar\Documents\IdeaProjects\BulkEmailChecker)
2025-04-28 20:14:09.289 [main] INFO  c.m.b.BulkEmailCheckerApplication - No active profile set, falling back to 1 default profile: "default"
2025-04-28 20:14:10.269 [main] INFO  o.s.b.w.e.tomcat.TomcatWebServer - Tomcat initialized with port 8085 (http)
2025-04-28 20:14:10.282 [main] INFO  o.a.catalina.core.StandardService - Starting service [Tomcat]
2025-04-28 20:14:10.282 [main] INFO  o.a.catalina.core.StandardEngine - Starting Servlet engine: [Apache Tomcat/10.1.39]
2025-04-28 20:14:10.324 [main] INFO  o.a.c.c.C.[Tomcat].[localhost].[/] - Initializing Spring embedded WebApplicationContext
2025-04-28 20:14:10.325 [main] INFO  o.s.b.w.s.c.ServletWebServerApplicationContext - Root WebApplicationContext: initialization completed in 985 ms
2025-04-28 20:14:10.499 [main] INFO  c.m.b.config.WebSocketConfig - WebSocket message broker configured with topics: /topic, /queue
2025-04-28 20:14:10.602 [main] INFO  o.s.s.c.a.a.c.InitializeUserDetailsBeanManagerConfigurer$InitializeUserDetailsManagerConfigurer - Global AuthenticationManager configured with UserDetailsService bean with name inMemoryUserDetailsManager
2025-04-28 20:14:10.721 [main] INFO  c.m.b.config.WebSocketConfig - WebSocket transport configured with expanded limits
2025-04-28 20:14:10.729 [main] INFO  c.m.b.config.WebSocketConfig - WebSocket STOMP endpoint registered at /ws-emailverifier
2025-04-28 20:14:10.751 [main] INFO  c.m.b.config.SecurityConfig - Configuring security filter chain
2025-04-28 20:14:10.765 [main] INFO  c.m.b.config.ApiKeyAuthFilter - Initialized ApiKeyAuthFilter with valid API keys: [zahariZDEwNWRlYTUtZjMzMy00MzE4LWJlN2QtZTIxYzYzZTFlODAy, martinZDEwNWRlYTUtZjMzMy00MzE4LWJlN2QtZTIxYzYzZTFlODAy, yoanZDEwNWRlYTUtZjMzMy00MzE4LWJlN2QtZTIxYzYzZTFlODAy]
2025-04-28 20:14:10.998 [main] INFO  o.s.m.s.b.SimpleBrokerMessageHandler - Starting...
2025-04-28 20:14:11.000 [main] INFO  o.s.m.s.b.SimpleBrokerMessageHandler - BrokerAvailabilityEvent[available=true, SimpleBrokerMessageHandler [org.springframework.messaging.simp.broker.DefaultSubscriptionRegistry@38dbeb39]]
2025-04-28 20:14:11.001 [main] INFO  o.s.m.s.b.SimpleBrokerMessageHandler - Started.
2025-04-28 20:14:11.017 [main] INFO  o.s.b.w.e.tomcat.TomcatWebServer - Tomcat started on port 8085 (http) with context path '/'
2025-04-28 20:14:11.024 [main] INFO  c.m.b.BulkEmailCheckerApplication - Started BulkEmailCheckerApplication in 2.276 seconds (process running for 3.377)
2025-04-28 20:14:14.142 [http-nio-8085-exec-1] INFO  o.a.c.c.C.[Tomcat].[localhost].[/] - Initializing Spring DispatcherServlet 'dispatcherServlet'
2025-04-28 20:14:14.164 [http-nio-8085-exec-1] INFO  c.m.b.config.ApiKeyAuthFilter - Received request with API Key: zahariZDEwNWRlYTUtZjMzMy00MzE4LWJlN2QtZTIxYzYzZTFlODAy
2025-04-28 20:14:14.164 [http-nio-8085-exec-1] INFO  c.m.b.config.ApiKeyAuthFilter - Valid API Key found, creating authentication
2025-04-28 20:14:14.165 [http-nio-8085-exec-1] INFO  c.m.b.config.ApiKeyAuthentication - Created new ApiKeyAuthentication for key: zahariZDEwNWRlYTUtZjMzMy00MzE4LWJlN2QtZTIxYzYzZTFlODAy
2025-04-28 20:14:14.178 [http-nio-8085-exec-1] INFO  c.m.b.config.ApiKeyAuthFilter - Authentication set in SecurityContext, proceeding with filter chain
2025-04-28 20:14:14.181 [http-nio-8085-exec-1] INFO  c.m.b.config.ApiKeyAuthentication - Returning authorities: [ROLE_API]
2025-04-28 20:14:14.203 [ForkJoinPool.commonPool-worker-1] INFO  c.m.b.s.BulkEmailCheckerService - Starting email verification for: krastyu.krastev@osemdental.com
2025-04-28 20:14:14.203 [ForkJoinPool.commonPool-worker-1] DEBUG c.m.b.s.BulkEmailCheckerService - NeverBounce API key in verifyEmail: provided
2025-04-28 20:14:14.204 [ForkJoinPool.commonPool-worker-1] DEBUG c.m.b.s.BulkEmailCheckerService - Executing validation pipeline for email: krastyu.krastev@osemdental.com with NeverBounce API key present: true
2025-04-28 20:14:14.519 [ForkJoinPool.commonPool-worker-1] INFO  c.m.b.s.BulkEmailCheckerService - Catch-all domain detected for email krastyu.krastev@osemdental.com. Performing additional verification with NeverBounce.
2025-04-28 20:14:14.520 [ForkJoinPool.commonPool-worker-1] DEBUG c.m.b.s.BulkEmailCheckerService - NeverBounce API key before calling service: present
2025-04-28 20:14:14.520 [ForkJoinPool.commonPool-worker-1] DEBUG c.m.b.services.NeverBounceService - Verifying email krastyu.krastev@osemdental.com with NeverBounce API
2025-04-28 20:14:14.525 [ForkJoinPool.commonPool-worker-1] INFO  c.n.api.internal.HttpClientImpl - Initialized Neverbounce API HTTP client; version: 4.0.13.
2025-04-28 20:14:45.935 [ForkJoinPool.commonPool-worker-1] INFO  c.m.b.s.BulkEmailCheckerService - NeverBounce gave definitive result for catch-all domain email krastyu.krastev@osemdental.com: INVALID
2025-04-28 20:14:45.946 [http-nio-8085-exec-3] INFO  c.m.b.config.ApiKeyAuthentication - Returning authorities: [ROLE_API]
2025-04-28 20:15:25.925 [http-nio-8085-exec-8] INFO  c.m.b.config.ApiKeyAuthFilter - Received request with API Key: zahariZDEwNWRlYTUtZjMzMy00MzE4LWJlN2QtZTIxYzYzZTFlODAy
2025-04-28 20:15:25.925 [http-nio-8085-exec-8] INFO  c.m.b.config.ApiKeyAuthFilter - Valid API Key found, creating authentication
2025-04-28 20:15:25.925 [http-nio-8085-exec-8] INFO  c.m.b.config.ApiKeyAuthentication - Created new ApiKeyAuthentication for key: zahariZDEwNWRlYTUtZjMzMy00MzE4LWJlN2QtZTIxYzYzZTFlODAy
2025-04-28 20:15:25.925 [http-nio-8085-exec-8] INFO  c.m.b.config.ApiKeyAuthFilter - Authentication set in SecurityContext, proceeding with filter chain
2025-04-28 20:15:25.925 [http-nio-8085-exec-8] INFO  c.m.b.config.ApiKeyAuthentication - Returning authorities: [ROLE_API]
2025-04-28 20:15:25.926 [ForkJoinPool.commonPool-worker-3] INFO  c.m.b.s.BulkEmailCheckerService - Starting email verification for: kkrastev@osemdental.com
2025-04-28 20:15:25.927 [ForkJoinPool.commonPool-worker-3] DEBUG c.m.b.s.BulkEmailCheckerService - NeverBounce API key in verifyEmail: provided
2025-04-28 20:15:25.927 [ForkJoinPool.commonPool-worker-3] DEBUG c.m.b.s.BulkEmailCheckerService - Executing validation pipeline for email: kkrastev@osemdental.com with NeverBounce API key present: true
2025-04-28 20:15:26.125 [ForkJoinPool.commonPool-worker-3] INFO  c.m.b.s.BulkEmailCheckerService - Catch-all domain detected for email kkrastev@osemdental.com. Performing additional verification with NeverBounce.
2025-04-28 20:15:26.126 [ForkJoinPool.commonPool-worker-3] DEBUG c.m.b.s.BulkEmailCheckerService - NeverBounce API key before calling service: present
2025-04-28 20:15:26.126 [ForkJoinPool.commonPool-worker-3] DEBUG c.m.b.services.NeverBounceService - Verifying email kkrastev@osemdental.com with NeverBounce API
2025-04-28 20:15:26.126 [ForkJoinPool.commonPool-worker-3] INFO  c.n.api.internal.HttpClientImpl - Initialized Neverbounce API HTTP client; version: 4.0.13.
2025-04-28 20:15:31.453 [ForkJoinPool.commonPool-worker-3] INFO  c.m.b.s.BulkEmailCheckerService - NeverBounce gave definitive result for catch-all domain email kkrastev@osemdental.com: VALID
2025-04-28 20:15:31.454 [ForkJoinPool.commonPool-worker-3] ERROR c.m.b.c.BulkEmailCheckerController - Error verifying email kkrastev@osemdental.com: java.lang.UnsupportedOperationException
2025-04-28 20:15:50.658 [SpringApplicationShutdownHook] INFO  o.s.b.w.e.tomcat.GracefulShutdown - Commencing graceful shutdown. Waiting for active requests to complete
2025-04-28 20:15:54.619 [main] INFO  c.m.b.BulkEmailCheckerApplication - Starting BulkEmailCheckerApplication using Java 22.0.1 with PID 43472 (C:\Users\zahar\Documents\IdeaProjects\BulkEmailChecker\target\classes started by zahar in C:\Users\zahar\Documents\IdeaProjects\BulkEmailChecker)
2025-04-28 20:15:54.621 [main] INFO  c.m.b.BulkEmailCheckerApplication - No active profile set, falling back to 1 default profile: "default"
2025-04-28 20:15:55.547 [main] INFO  o.s.b.w.e.tomcat.TomcatWebServer - Tomcat initialized with port 8085 (http)
2025-04-28 20:15:55.558 [main] INFO  o.a.catalina.core.StandardService - Starting service [Tomcat]
2025-04-28 20:15:55.559 [main] INFO  o.a.catalina.core.StandardEngine - Starting Servlet engine: [Apache Tomcat/10.1.39]
2025-04-28 20:15:55.600 [main] INFO  o.a.c.c.C.[Tomcat].[localhost].[/] - Initializing Spring embedded WebApplicationContext
2025-04-28 20:15:55.600 [main] INFO  o.s.b.w.s.c.ServletWebServerApplicationContext - Root WebApplicationContext: initialization completed in 930 ms
2025-04-28 20:15:55.741 [main] INFO  c.m.b.config.WebSocketConfig - WebSocket message broker configured with topics: /topic, /queue
2025-04-28 20:15:55.843 [main] INFO  o.s.s.c.a.a.c.InitializeUserDetailsBeanManagerConfigurer$InitializeUserDetailsManagerConfigurer - Global AuthenticationManager configured with UserDetailsService bean with name inMemoryUserDetailsManager
2025-04-28 20:15:55.956 [main] INFO  c.m.b.config.WebSocketConfig - WebSocket transport configured with expanded limits
2025-04-28 20:15:55.964 [main] INFO  c.m.b.config.WebSocketConfig - WebSocket STOMP endpoint registered at /ws-emailverifier
2025-04-28 20:15:55.984 [main] INFO  c.m.b.config.SecurityConfig - Configuring security filter chain
2025-04-28 20:15:55.999 [main] INFO  c.m.b.config.ApiKeyAuthFilter - Initialized ApiKeyAuthFilter with valid API keys: [zahariZDEwNWRlYTUtZjMzMy00MzE4LWJlN2QtZTIxYzYzZTFlODAy, martinZDEwNWRlYTUtZjMzMy00MzE4LWJlN2QtZTIxYzYzZTFlODAy, yoanZDEwNWRlYTUtZjMzMy00MzE4LWJlN2QtZTIxYzYzZTFlODAy]
2025-04-28 20:15:56.218 [main] INFO  o.s.m.s.b.SimpleBrokerMessageHandler - Starting...
2025-04-28 20:15:56.220 [main] INFO  o.s.m.s.b.SimpleBrokerMessageHandler - BrokerAvailabilityEvent[available=true, SimpleBrokerMessageHandler [org.springframework.messaging.simp.broker.DefaultSubscriptionRegistry@7d64a960]]
2025-04-28 20:15:56.220 [main] INFO  o.s.m.s.b.SimpleBrokerMessageHandler - Started.
2025-04-28 20:15:56.235 [main] INFO  o.s.b.w.e.tomcat.TomcatWebServer - Tomcat started on port 8085 (http) with context path '/'
2025-04-28 20:15:56.241 [main] INFO  c.m.b.BulkEmailCheckerApplication - Started BulkEmailCheckerApplication in 2.372 seconds (process running for 2.918)
2025-04-28 20:15:57.819 [http-nio-8085-exec-1] INFO  o.a.c.c.C.[Tomcat].[localhost].[/] - Initializing Spring DispatcherServlet 'dispatcherServlet'
2025-04-28 20:15:57.841 [http-nio-8085-exec-1] INFO  c.m.b.config.ApiKeyAuthFilter - Received request with API Key: zahariZDEwNWRlYTUtZjMzMy00MzE4LWJlN2QtZTIxYzYzZTFlODAy
2025-04-28 20:15:57.842 [http-nio-8085-exec-1] INFO  c.m.b.config.ApiKeyAuthFilter - Valid API Key found, creating authentication
2025-04-28 20:15:57.843 [http-nio-8085-exec-1] INFO  c.m.b.config.ApiKeyAuthentication - Created new ApiKeyAuthentication for key: zahariZDEwNWRlYTUtZjMzMy00MzE4LWJlN2QtZTIxYzYzZTFlODAy
2025-04-28 20:15:57.855 [http-nio-8085-exec-1] INFO  c.m.b.config.ApiKeyAuthFilter - Authentication set in SecurityContext, proceeding with filter chain
2025-04-28 20:15:57.858 [http-nio-8085-exec-1] INFO  c.m.b.config.ApiKeyAuthentication - Returning authorities: [ROLE_API]
2025-04-28 20:15:57.879 [ForkJoinPool.commonPool-worker-1] INFO  c.m.b.s.BulkEmailCheckerService - Starting email verification for: kkrastev@osemdental.com
2025-04-28 20:15:57.879 [ForkJoinPool.commonPool-worker-1] DEBUG c.m.b.s.BulkEmailCheckerService - NeverBounce API key in verifyEmail: provided
2025-04-28 20:15:57.879 [ForkJoinPool.commonPool-worker-1] DEBUG c.m.b.s.BulkEmailCheckerService - Executing validation pipeline for email: kkrastev@osemdental.com with NeverBounce API key present: true
2025-04-28 20:15:58.005 [ForkJoinPool.commonPool-worker-1] INFO  c.m.b.s.BulkEmailCheckerService - Catch-all domain detected for email kkrastev@osemdental.com. Performing additional verification with NeverBounce.
2025-04-28 20:15:58.005 [ForkJoinPool.commonPool-worker-1] DEBUG c.m.b.s.BulkEmailCheckerService - NeverBounce API key before calling service: present
2025-04-28 20:15:58.005 [ForkJoinPool.commonPool-worker-1] DEBUG c.m.b.services.NeverBounceService - Verifying email kkrastev@osemdental.com with NeverBounce API
2025-04-28 20:15:58.011 [ForkJoinPool.commonPool-worker-1] INFO  c.n.api.internal.HttpClientImpl - Initialized Neverbounce API HTTP client; version: 4.0.13.
2025-04-28 20:15:58.988 [ForkJoinPool.commonPool-worker-1] INFO  c.m.b.s.BulkEmailCheckerService - NeverBounce gave definitive result for catch-all domain email kkrastev@osemdental.com: VALID
2025-04-28 20:15:58.989 [ForkJoinPool.commonPool-worker-1] ERROR c.m.b.c.BulkEmailCheckerController - Error verifying email kkrastev@osemdental.com: java.lang.UnsupportedOperationException
2025-04-28 20:16:50.941 [SpringApplicationShutdownHook] INFO  o.s.b.w.e.tomcat.GracefulShutdown - Commencing graceful shutdown. Waiting for active requests to complete
2025-04-28 20:17:04.116 [main] INFO  c.m.b.BulkEmailCheckerApplication - Starting BulkEmailCheckerApplication using Java 22.0.1 with PID 43252 (C:\Users\zahar\Documents\IdeaProjects\BulkEmailChecker\target\classes started by zahar in C:\Users\zahar\Documents\IdeaProjects\BulkEmailChecker)
2025-04-28 20:17:04.118 [main] INFO  c.m.b.BulkEmailCheckerApplication - No active profile set, falling back to 1 default profile: "default"
2025-04-28 20:17:05.137 [main] INFO  o.s.b.w.e.tomcat.TomcatWebServer - Tomcat initialized with port 8085 (http)
2025-04-28 20:17:05.149 [main] INFO  o.a.catalina.core.StandardService - Starting service [Tomcat]
2025-04-28 20:17:05.150 [main] INFO  o.a.catalina.core.StandardEngine - Starting Servlet engine: [Apache Tomcat/10.1.39]
2025-04-28 20:17:05.191 [main] INFO  o.a.c.c.C.[Tomcat].[localhost].[/] - Initializing Spring embedded WebApplicationContext
2025-04-28 20:17:05.192 [main] INFO  o.s.b.w.s.c.ServletWebServerApplicationContext - Root WebApplicationContext: initialization completed in 1020 ms
2025-04-28 20:17:05.340 [main] INFO  c.m.b.config.WebSocketConfig - WebSocket message broker configured with topics: /topic, /queue
2025-04-28 20:17:05.449 [main] INFO  o.s.s.c.a.a.c.InitializeUserDetailsBeanManagerConfigurer$InitializeUserDetailsManagerConfigurer - Global AuthenticationManager configured with UserDetailsService bean with name inMemoryUserDetailsManager
2025-04-28 20:17:05.565 [main] INFO  c.m.b.config.WebSocketConfig - WebSocket transport configured with expanded limits
2025-04-28 20:17:05.573 [main] INFO  c.m.b.config.WebSocketConfig - WebSocket STOMP endpoint registered at /ws-emailverifier
2025-04-28 20:17:05.593 [main] INFO  c.m.b.config.SecurityConfig - Configuring security filter chain
2025-04-28 20:17:05.607 [main] INFO  c.m.b.config.ApiKeyAuthFilter - Initialized ApiKeyAuthFilter with valid API keys: [zahariZDEwNWRlYTUtZjMzMy00MzE4LWJlN2QtZTIxYzYzZTFlODAy, martinZDEwNWRlYTUtZjMzMy00MzE4LWJlN2QtZTIxYzYzZTFlODAy, yoanZDEwNWRlYTUtZjMzMy00MzE4LWJlN2QtZTIxYzYzZTFlODAy]
2025-04-28 20:17:05.846 [main] INFO  o.s.m.s.b.SimpleBrokerMessageHandler - Starting...
2025-04-28 20:17:05.848 [main] INFO  o.s.m.s.b.SimpleBrokerMessageHandler - BrokerAvailabilityEvent[available=true, SimpleBrokerMessageHandler [org.springframework.messaging.simp.broker.DefaultSubscriptionRegistry@7d64a960]]
2025-04-28 20:17:05.849 [main] INFO  o.s.m.s.b.SimpleBrokerMessageHandler - Started.
2025-04-28 20:17:05.863 [main] INFO  o.s.b.w.e.tomcat.TomcatWebServer - Tomcat started on port 8085 (http) with context path '/'
2025-04-28 20:17:05.870 [main] INFO  c.m.b.BulkEmailCheckerApplication - Started BulkEmailCheckerApplication in 2.286 seconds (process running for 2.913)
2025-04-28 20:17:07.164 [http-nio-8085-exec-2] INFO  o.a.c.c.C.[Tomcat].[localhost].[/] - Initializing Spring DispatcherServlet 'dispatcherServlet'
2025-04-28 20:17:07.186 [http-nio-8085-exec-2] INFO  c.m.b.config.ApiKeyAuthFilter - Received request with API Key: zahariZDEwNWRlYTUtZjMzMy00MzE4LWJlN2QtZTIxYzYzZTFlODAy
2025-04-28 20:17:07.186 [http-nio-8085-exec-2] INFO  c.m.b.config.ApiKeyAuthFilter - Valid API Key found, creating authentication
2025-04-28 20:17:07.187 [http-nio-8085-exec-2] INFO  c.m.b.config.ApiKeyAuthentication - Created new ApiKeyAuthentication for key: zahariZDEwNWRlYTUtZjMzMy00MzE4LWJlN2QtZTIxYzYzZTFlODAy
2025-04-28 20:17:07.200 [http-nio-8085-exec-2] INFO  c.m.b.config.ApiKeyAuthFilter - Authentication set in SecurityContext, proceeding with filter chain
2025-04-28 20:17:07.202 [http-nio-8085-exec-2] INFO  c.m.b.config.ApiKeyAuthentication - Returning authorities: [ROLE_API]
2025-04-28 20:17:07.221 [ForkJoinPool.commonPool-worker-1] INFO  c.m.b.s.BulkEmailCheckerService - Starting email verification for: kkrastev@osemdental.com
2025-04-28 20:17:07.222 [ForkJoinPool.commonPool-worker-1] DEBUG c.m.b.s.BulkEmailCheckerService - NeverBounce API key in verifyEmail: provided
2025-04-28 20:17:07.222 [ForkJoinPool.commonPool-worker-1] DEBUG c.m.b.s.BulkEmailCheckerService - Executing validation pipeline for email: kkrastev@osemdental.com with NeverBounce API key present: true
2025-04-28 20:17:07.645 [ForkJoinPool.commonPool-worker-1] INFO  c.m.b.s.BulkEmailCheckerService - Catch-all domain detected for email kkrastev@osemdental.com. Performing additional verification with NeverBounce.
2025-04-28 20:17:07.645 [ForkJoinPool.commonPool-worker-1] DEBUG c.m.b.s.BulkEmailCheckerService - NeverBounce API key before calling service: present
2025-04-28 20:17:07.645 [ForkJoinPool.commonPool-worker-1] DEBUG c.m.b.services.NeverBounceService - Verifying email kkrastev@osemdental.com with NeverBounce API
2025-04-28 20:17:07.650 [ForkJoinPool.commonPool-worker-1] INFO  c.n.api.internal.HttpClientImpl - Initialized Neverbounce API HTTP client; version: 4.0.13.
2025-04-28 20:17:08.675 [ForkJoinPool.commonPool-worker-1] INFO  c.m.b.s.BulkEmailCheckerService - NeverBounce gave definitive result for catch-all domain email kkrastev@osemdental.com: VALID
2025-04-28 20:17:08.683 [http-nio-8085-exec-4] INFO  c.m.b.config.ApiKeyAuthentication - Returning authorities: [ROLE_API]
2025-04-28 20:18:41.194 [SpringApplicationShutdownHook] INFO  o.s.b.w.e.tomcat.GracefulShutdown - Commencing graceful shutdown. Waiting for active requests to complete
2025-04-28 20:18:41.205 [tomcat-shutdown] INFO  o.s.b.w.e.tomcat.GracefulShutdown - Graceful shutdown complete
2025-04-28 20:18:41.208 [SpringApplicationShutdownHook] INFO  o.s.m.s.b.SimpleBrokerMessageHandler - Stopping...
2025-04-28 20:18:41.209 [SpringApplicationShutdownHook] INFO  o.s.m.s.b.SimpleBrokerMessageHandler - BrokerAvailabilityEvent[available=false, SimpleBrokerMessageHandler [org.springframework.messaging.simp.broker.DefaultSubscriptionRegistry@7d64a960]]
2025-04-28 20:18:41.209 [SpringApplicationShutdownHook] INFO  o.s.m.s.b.SimpleBrokerMessageHandler - Stopped.
2025-04-28 20:18:46.185 [main] INFO  c.m.b.BulkEmailCheckerApplication - Starting BulkEmailCheckerApplication using Java 22.0.1 with PID 43112 (C:\Users\zahar\Documents\IdeaProjects\BulkEmailChecker\target\classes started by zahar in C:\Users\zahar\Documents\IdeaProjects\BulkEmailChecker)
2025-04-28 20:18:46.187 [main] INFO  c.m.b.BulkEmailCheckerApplication - No active profile set, falling back to 1 default profile: "default"
2025-04-28 20:18:47.112 [main] INFO  o.s.b.w.e.tomcat.TomcatWebServer - Tomcat initialized with port 8085 (http)
2025-04-28 20:18:47.124 [main] INFO  o.a.catalina.core.StandardService - Starting service [Tomcat]
2025-04-28 20:18:47.124 [main] INFO  o.a.catalina.core.StandardEngine - Starting Servlet engine: [Apache Tomcat/10.1.39]
2025-04-28 20:18:47.164 [main] INFO  o.a.c.c.C.[Tomcat].[localhost].[/] - Initializing Spring embedded WebApplicationContext
2025-04-28 20:18:47.165 [main] INFO  o.s.b.w.s.c.ServletWebServerApplicationContext - Root WebApplicationContext: initialization completed in 930 ms
2025-04-28 20:18:47.305 [main] INFO  c.m.b.config.WebSocketConfig - WebSocket message broker configured with topics: /topic, /queue
2025-04-28 20:18:47.406 [main] INFO  o.s.s.c.a.a.c.InitializeUserDetailsBeanManagerConfigurer$InitializeUserDetailsManagerConfigurer - Global AuthenticationManager configured with UserDetailsService bean with name inMemoryUserDetailsManager
2025-04-28 20:18:47.515 [main] INFO  c.m.b.config.WebSocketConfig - WebSocket transport configured with expanded limits
2025-04-28 20:18:47.523 [main] INFO  c.m.b.config.WebSocketConfig - WebSocket STOMP endpoint registered at /ws-emailverifier
2025-04-28 20:18:47.544 [main] INFO  c.m.b.config.SecurityConfig - Configuring security filter chain
2025-04-28 20:18:47.558 [main] INFO  c.m.b.config.ApiKeyAuthFilter - Initialized ApiKeyAuthFilter with valid API keys: [zahariZDEwNWRlYTUtZjMzMy00MzE4LWJlN2QtZTIxYzYzZTFlODAy, martinZDEwNWRlYTUtZjMzMy00MzE4LWJlN2QtZTIxYzYzZTFlODAy, yoanZDEwNWRlYTUtZjMzMy00MzE4LWJlN2QtZTIxYzYzZTFlODAy]
2025-04-28 20:18:47.810 [main] INFO  o.s.m.s.b.SimpleBrokerMessageHandler - Starting...
2025-04-28 20:18:47.812 [main] INFO  o.s.m.s.b.SimpleBrokerMessageHandler - BrokerAvailabilityEvent[available=true, SimpleBrokerMessageHandler [org.springframework.messaging.simp.broker.DefaultSubscriptionRegistry@7e3ee128]]
2025-04-28 20:18:47.813 [main] INFO  o.s.m.s.b.SimpleBrokerMessageHandler - Started.
2025-04-28 20:18:47.829 [main] INFO  o.s.b.w.e.tomcat.TomcatWebServer - Tomcat started on port 8085 (http) with context path '/'
2025-04-28 20:18:47.835 [main] INFO  c.m.b.BulkEmailCheckerApplication - Started BulkEmailCheckerApplication in 2.212 seconds (process running for 2.802)
2025-04-28 20:18:49.215 [http-nio-8085-exec-1] INFO  o.a.c.c.C.[Tomcat].[localhost].[/] - Initializing Spring DispatcherServlet 'dispatcherServlet'
2025-04-28 20:18:49.234 [http-nio-8085-exec-1] INFO  c.m.b.config.ApiKeyAuthFilter - Received request with API Key: zahariZDEwNWRlYTUtZjMzMy00MzE4LWJlN2QtZTIxYzYzZTFlODAy
2025-04-28 20:18:49.235 [http-nio-8085-exec-1] INFO  c.m.b.config.ApiKeyAuthFilter - Valid API Key found, creating authentication
2025-04-28 20:18:49.236 [http-nio-8085-exec-1] INFO  c.m.b.config.ApiKeyAuthentication - Created new ApiKeyAuthentication for key: zahariZDEwNWRlYTUtZjMzMy00MzE4LWJlN2QtZTIxYzYzZTFlODAy
2025-04-28 20:18:49.248 [http-nio-8085-exec-1] INFO  c.m.b.config.ApiKeyAuthFilter - Authentication set in SecurityContext, proceeding with filter chain
2025-04-28 20:18:49.250 [http-nio-8085-exec-1] INFO  c.m.b.config.ApiKeyAuthentication - Returning authorities: [ROLE_API]
2025-04-28 20:18:49.269 [ForkJoinPool.commonPool-worker-1] INFO  c.m.b.s.BulkEmailCheckerService - Starting email verification for: kkrastev@osemdental.com
2025-04-28 20:18:49.270 [ForkJoinPool.commonPool-worker-1] DEBUG c.m.b.s.BulkEmailCheckerService - NeverBounce API key in verifyEmail: provided
2025-04-28 20:18:49.270 [ForkJoinPool.commonPool-worker-1] DEBUG c.m.b.s.BulkEmailCheckerService - Executing validation pipeline for email: kkrastev@osemdental.com with NeverBounce API key present: true
2025-04-28 20:18:49.492 [ForkJoinPool.commonPool-worker-1] INFO  c.m.b.s.BulkEmailCheckerService - Catch-all domain detected for email kkrastev@osemdental.com. Performing additional verification with NeverBounce.
2025-04-28 20:18:49.493 [ForkJoinPool.commonPool-worker-1] DEBUG c.m.b.s.BulkEmailCheckerService - NeverBounce API key before calling service: present
2025-04-28 20:18:49.493 [ForkJoinPool.commonPool-worker-1] DEBUG c.m.b.services.NeverBounceService - Verifying email kkrastev@osemdental.com with NeverBounce API
2025-04-28 20:18:49.498 [ForkJoinPool.commonPool-worker-1] INFO  c.n.api.internal.HttpClientImpl - Initialized Neverbounce API HTTP client; version: 4.0.13.
2025-04-28 20:18:50.612 [ForkJoinPool.commonPool-worker-1] INFO  c.m.b.s.BulkEmailCheckerService - NeverBounce gave definitive result for catch-all domain email kkrastev@osemdental.com: VALID
2025-04-28 20:18:50.621 [http-nio-8085-exec-3] INFO  c.m.b.config.ApiKeyAuthentication - Returning authorities: [ROLE_API]
